<?xml version="1.0" encoding="UTF-8"?>
<!-- Generated by org.testng.reporters.JUnitXMLReporter -->
<testsuite ignored="2" hostname="prvlenovo" failures="1" tests="4" name="ChromeTest" time="8.349" errors="0" timestamp="2025-04-01T19:02:36 IST">
  <testcase classname="testScript.LoginTest" name="verifyWetherUserCanLoginwithValidCredentials" time="0.174">
    <failure type="org.apache.poi.openxml4j.exceptions.NotOfficeXmlFileException" message="No valid entries or contents found, this is not a valid OOXML (Office Open XML) file">
      <![CDATA[org.apache.poi.openxml4j.exceptions.NotOfficeXmlFileException: No valid entries or contents found, this is not a valid OOXML (Office Open XML) file
at org.apache.poi.openxml4j.util.ZipArchiveThresholdInputStream.getNextEntry(ZipArchiveThresholdInputStream.java:156)
at org.apache.poi.openxml4j.util.ZipInputStreamZipEntrySource.<init>(ZipInputStreamZipEntrySource.java:94)
at org.apache.poi.openxml4j.opc.ZipPackage.<init>(ZipPackage.java:132)
at org.apache.poi.openxml4j.opc.OPCPackage.open(OPCPackage.java:319)
at org.apache.poi.ooxml.util.PackageHelper.open(PackageHelper.java:59)
at org.apache.poi.xssf.usermodel.XSSFWorkbook.<init>(XSSFWorkbook.java:290)
at org.apache.poi.xssf.usermodel.XSSFWorkbook.<init>(XSSFWorkbook.java:286)
at utilities.ExcelUtility.getStringData(ExcelUtility.java:23)
at testScript.LoginTest.verifyWetherUserCanLoginwithValidCredentials(LoginTest.java:18)
at java.base/java.util.concurrent.Executors$RunnableAdapter.call(Executors.java:572)
at java.base/java.util.concurrent.FutureTask.run(FutureTask.java:317)
at java.base/java.util.concurrent.ThreadPoolExecutor.runWorker(ThreadPoolExecutor.java:1144)
at java.base/java.util.concurrent.ThreadPoolExecutor$Worker.run(ThreadPoolExecutor.java:642)
at java.base/java.lang.Thread.run(Thread.java:1583)
Caused by: java.util.zip.ZipException: Unexpected record signature: 0X78F660C8
at org.apache.commons.compress.archivers.zip.ZipArchiveInputStream.getNextZipEntry(ZipArchiveInputStream.java:296)
at org.apache.poi.openxml4j.util.ZipArchiveThresholdInputStream.getNextEntry(ZipArchiveThresholdInputStream.java:152)
... 24 more
... Removed 11 stack frames]]>
    </failure>
  </testcase> <!-- verifyWetherUserCanLoginwithValidCredentials -->
  <testcase classname="testScript.HomeTest" name="whetherUserisAbletoLogout" time="0.151">
    <skipped/>
  </testcase> <!-- whetherUserisAbletoLogout -->
  <testcase classname="testScript.LoginTest" name="verifyWetherUserCanLoginwithInvalidUsernameandValidpasswordCredentials1" time="1.067"/>
  <testcase classname="testScript.HomeTest" name="whetherUserisAbletoLogout" time="2.149"/>
  <testcase classname="testScript.LoginTest" name="verifyWetherUserCanLoginwithInValidalidUsernameandInvalidpasswordCredentials1" time="0.0">
    <ignored/>
  </testcase> <!-- verifyWetherUserCanLoginwithInValidalidUsernameandInvalidpasswordCredentials1 -->
  <testcase classname="testScript.LoginTest" name="verifyWetherUserCanLoginwithValidalidUsernameandInvalidpasswordCredentials1" time="0.0">
    <ignored/>
  </testcase> <!-- verifyWetherUserCanLoginwithValidalidUsernameandInvalidpasswordCredentials1 -->
</testsuite> <!-- ChromeTest -->
