<?xml version="1.0" encoding="UTF-8"?>
<!-- Generated by org.testng.reporters.JUnitXMLReporter -->
<testsuite ignored="2" hostname="prvlenovo" failures="0" tests="3" name="EdgeTest" time="10.416" errors="0" timestamp="2025-04-01T19:02:46 IST">
  <testcase classname="testScript.HomeTest" name="whetherUserisAbletoLogout" time="1.789"/>
  <testcase classname="testScript.LoginTest" name="verifyWetherUserCanLoginwithValidCredentials" time="1.019"/>
  <testcase classname="testScript.LoginTest" name="verifyWetherUserCanLoginwithInvalidUsernameandValidpasswordCredentials1" time="0.661"/>
  <testcase classname="testScript.LoginTest" name="verifyWetherUserCanLoginwithValidalidUsernameandInvalidpasswordCredentials1" time="0.0">
    <ignored/>
  </testcase> <!-- verifyWetherUserCanLoginwithValidalidUsernameandInvalidpasswordCredentials1 -->
  <testcase classname="testScript.LoginTest" name="verifyWetherUserCanLoginwithInValidalidUsernameandInvalidpasswordCredentials1" time="0.0">
    <ignored/>
  </testcase> <!-- verifyWetherUserCanLoginwithInValidalidUsernameandInvalidpasswordCredentials1 -->
</testsuite> <!-- EdgeTest -->
