<?xml version="1.0" encoding="UTF-8"?>
<!-- Generated by org.testng.reporters.JUnitXMLReporter -->
<testsuite ignored="2" hostname="prvlenovo" failures="0" tests="3" name="Test" time="7.96" errors="0" timestamp="2025-04-01T18:58:30 IST">
  <testcase classname="testScript.LoginTest" name="verifyWetherUserCanLoginwithValidCredentials" time="1.752"/>
  <testcase classname="testScript.HomeTest" name="whetherUserisAbletoLogout" time="2.238"/>
  <testcase classname="testScript.LoginTest" name="verifyWetherUserCanLoginwithValidalidUsernameandInvalidpasswordCredentials1" time="0.597"/>
  <testcase classname="testScript.LoginTest" name="verifyWetherUserCanLoginwithInValidalidUsernameandInvalidpasswordCredentials1" time="0.0">
    <ignored/>
  </testcase> <!-- verifyWetherUserCanLoginwithInValidalidUsernameandInvalidpasswordCredentials1 -->
  <testcase classname="testScript.LoginTest" name="verifyWetherUserCanLoginwithInvalidUsernameandValidpasswordCredentials1" time="0.0">
    <ignored/>
  </testcase> <!-- verifyWetherUserCanLoginwithInvalidUsernameandValidpasswordCredentials1 -->
</testsuite> <!-- Test -->
