<?xml version="1.0" encoding="UTF-8"?>
<testng-results ignored="0" total="2" passed="2" failed="0" skipped="0">
  <reporter-output>
  </reporter-output>
  <suite started-at="2025-04-08T00:43:26 IST" name="Suite" finished-at="2025-04-08T00:43:33 IST" duration-ms="6890">
    <groups>
      <group name="smoke">
        <method signature="ManageNewsTest.clickonManageNews()[pri:1, instance:testScript.ManageNewsTest@2d0399f4]" name="clickonManageNews" class="testScript.ManageNewsTest"/>
        <method signature="ManageNewsTest.clickonSearchManageNews()[pri:2, instance:testScript.ManageNewsTest@2d0399f4]" name="clickonSearchManageNews" class="testScript.ManageNewsTest"/>
      </group> <!-- smoke -->
    </groups>
    <test started-at="2025-04-08T00:43:26 IST" name="Test" finished-at="2025-04-08T00:43:33 IST" duration-ms="6890">
      <class name="testScript.ManageNewsTest">
        <test-method is-config="true" signature="initialiseBrowser(java.lang.String)[pri:0, instance:testScript.ManageNewsTest@2d0399f4]" started-at="2025-04-08T00:43:26 IST" name="initialiseBrowser" finished-at="2025-04-08T00:43:28 IST" duration-ms="1856" status="PASS">
          <params>
            <param index="0">
              <value>
                <![CDATA[Chrome]]>
              </value>
            </param>
          </params>
          <reporter-output>
          </reporter-output>
        </test-method> <!-- initialiseBrowser -->
        <test-method signature="clickonManageNews()[pri:1, instance:testScript.ManageNewsTest@2d0399f4]" started-at="2025-04-08T00:43:28 IST" name="clickonManageNews" description="Verify user can enter new news on Manage_News" finished-at="2025-04-08T00:43:30 IST" duration-ms="1940" status="PASS">
          <reporter-output>
          </reporter-output>
        </test-method> <!-- clickonManageNews -->
        <test-method is-config="true" signature="driverQuit(org.testng.ITestResult)[pri:0, instance:testScript.ManageNewsTest@2d0399f4]" started-at="2025-04-08T00:43:30 IST" name="driverQuit" finished-at="2025-04-08T00:43:30 IST" duration-ms="144" status="PASS">
          <params>
            <param index="0">
              <value>
                <![CDATA[[TestResult name=clickonManageNews status=SUCCESS method=ManageNewsTest.clickonManageNews()[pri:1, instance:testScript.ManageNewsTest@2d0399f4] output={null}]]]>
              </value>
            </param>
          </params>
          <reporter-output>
          </reporter-output>
        </test-method> <!-- driverQuit -->
        <test-method is-config="true" signature="initialiseBrowser(java.lang.String)[pri:0, instance:testScript.ManageNewsTest@2d0399f4]" started-at="2025-04-08T00:43:30 IST" name="initialiseBrowser" finished-at="2025-04-08T00:43:32 IST" duration-ms="1509" status="PASS">
          <params>
            <param index="0">
              <value>
                <![CDATA[Chrome]]>
              </value>
            </param>
          </params>
          <reporter-output>
          </reporter-output>
        </test-method> <!-- initialiseBrowser -->
        <test-method signature="clickonSearchManageNews()[pri:2, instance:testScript.ManageNewsTest@2d0399f4]" started-at="2025-04-08T00:43:32 IST" name="clickonSearchManageNews" description="Verify user can search the entered news on Manage_News" finished-at="2025-04-08T00:43:33 IST" duration-ms="1253" status="PASS">
          <reporter-output>
          </reporter-output>
        </test-method> <!-- clickonSearchManageNews -->
        <test-method is-config="true" signature="driverQuit(org.testng.ITestResult)[pri:0, instance:testScript.ManageNewsTest@2d0399f4]" started-at="2025-04-08T00:43:33 IST" name="driverQuit" finished-at="2025-04-08T00:43:33 IST" duration-ms="146" status="PASS">
          <params>
            <param index="0">
              <value>
                <![CDATA[[TestResult name=clickonSearchManageNews status=SUCCESS method=ManageNewsTest.clickonSearchManageNews()[pri:2, instance:testScript.ManageNewsTest@2d0399f4] output={null}]]]>
              </value>
            </param>
          </params>
          <reporter-output>
          </reporter-output>
        </test-method> <!-- driverQuit -->
      </class> <!-- testScript.ManageNewsTest -->
    </test> <!-- Test -->
  </suite> <!-- Suite -->
</testng-results>
