<?xml version="1.0" encoding="UTF-8"?>
<!-- Generated by org.testng.reporters.JUnitXMLReporter -->
<testsuite ignored="2" hostname="prvlenovo" failures="0" tests="3" name="Test2" time="0.143" errors="0" timestamp="2025-04-01T18:37:02 IST">
  <testcase classname="testScript.HomeTest" name="whetherUserisAbletoLogout" time="0.0">
    <skipped/>
  </testcase> <!-- whetherUserisAbletoLogout -->
  <testcase classname="testScript.LoginTest" name="verifyWetherUserCanLoginwithValidCredentials" time="0.0">
    <skipped/>
  </testcase> <!-- verifyWetherUserCanLoginwithValidCredentials -->
  <testcase classname="testScript.LoginTest" name="verifyWetherUserCanLoginwithInvalidUsernameandValidpasswordCredentials1" time="0.001">
    <skipped/>
  </testcase> <!-- verifyWetherUserCanLoginwithInvalidUsernameandValidpasswordCredentials1 -->
  <testcase classname="testScript.LoginTest" name="verifyWetherUserCanLoginwithValidalidUsernameandInvalidpasswordCredentials1" time="0.0">
    <ignored/>
  </testcase> <!-- verifyWetherUserCanLoginwithValidalidUsernameandInvalidpasswordCredentials1 -->
  <testcase classname="testScript.LoginTest" name="verifyWetherUserCanLoginwithInValidalidUsernameandInvalidpasswordCredentials1" time="0.0">
    <ignored/>
  </testcase> <!-- verifyWetherUserCanLoginwithInValidalidUsernameandInvalidpasswordCredentials1 -->
</testsuite> <!-- Test2 -->
